<?xml version="1.0" encoding="UTF-8"?>
<!-- Generated by org.testng.reporters.JUnitReportReporter -->
<testsuite hostname="LAPTOP-LNTPU46U" failures="0" tests="1" name="testCases.TC001_AccountRegistrationTest" time="8.518" errors="0" timestamp="2024-12-04T07:56:12 IST" skipped="0">
  <testcase classname="testCases.TC001_AccountRegistrationTest" name="verify_account_registration" time="8.518"/>
</testsuite> <!-- testCases.TC001_AccountRegistrationTest -->
