<?xml version="1.0" encoding="UTF-8"?>
<!-- Generated by org.testng.reporters.JUnitReportReporter -->
<testsuite hostname="LAPTOP-LNTPU46U" failures="0" tests="1" name="testCases.TC002_LoginTest" time="7.746" errors="0" timestamp="2024-12-04T07:56:12 IST" skipped="0">
  <testcase classname="testCases.TC002_LoginTest" name="verify_login" time="7.746"/>
</testsuite> <!-- testCases.TC002_LoginTest -->
